2024/02/02 09:36:16	d48696e0-f2eb-4f87-b978-fb155e5bb499	GET	/add	undefined
2024/02/02 09:36:16	7c5a9010-d3a3-4a6f-ac74-8c52db90f98f	GET	/css/style.css	undefined
2024/02/02 09:36:16	148bc0a4-9bd6-4c0d-a73f-fc0506429542	GET	/favicon.ico	undefined
2024/02/02 09:36:26	75f640f1-9b15-40ea-a884-e9afb3fee89c	GET	/addimage	undefined
2024/02/02 09:36:42	fbc4e068-afb6-4310-a3f1-fbdb0b2c2d2c	GET	/api/products/499	undefined
2024/02/02 09:36:45	1dd74985-dfaa-45bb-b35d-87cc757e21c4	GET	/api/products/1	undefined
2024/02/02 09:37:04	0d8ded6e-8adf-4b26-a67e-c66f84fdd462	POST	/api/productimage/1	http://localhost:3500
2024/02/02 09:37:27	f31ed2f5-f232-4679-a7c9-67bb7395c4d3	POST	/api/productimage/1	http://localhost:3500
2024/02/02 09:37:35	24c5ebee-0e4a-4129-8c41-2498edcdfe92	GET	/api/products/1	undefined
2024/02/02 09:38:07	5c057f11-2051-4478-a3db-59ae2d3be3e5	POST	/api/productimage/1	http://localhost:3500
2024/02/02 09:38:12	bdff0771-9026-4bc5-8c85-4f3d148d0578	GET	/api/products/1	undefined
2024/02/02 09:44:45	fd6361df-e4a1-414c-a467-f4dd60f2a790	GET	/api/products/1	undefined
2024/02/02 09:46:29	eb56e27e-7446-4a38-a8ed-26fd4bd1ac47	GET	/api/products/1	undefined
2024/02/02 09:46:46	51b752e2-8b05-4df0-abdd-b6bd01093aad	DELETE	/api/productimage/1	undefined
2024/02/02 09:47:30	eb691bca-6dda-4e44-ab8f-4677295ffc64	DELETE	/api/productimage/1	undefined
2024/02/02 09:48:28	385ff487-ae5f-4574-94be-decd6ede01a9	DELETE	/api/productimage	undefined
2024/02/02 09:48:39	b29d32b9-1078-4d8a-9d3d-16805d585a2f	GET	/api/products/1	undefined
2024/02/02 09:49:18	1e3a69ec-ecf9-4cad-a32f-1f59b60683e6	GET	/add	undefined
2024/02/02 09:49:18	2dc79a4f-871d-4180-80f4-072609229303	GET	/css/style.css	undefined
2024/02/02 09:49:24	4616662e-7568-4df0-accd-70b7e53799a1	GET	/1erd.png	undefined
2024/02/02 09:49:24	f520d958-ef4c-46af-b3b1-0158699a89f6	GET	/css/style.css	undefined
2024/02/02 09:49:45	2592f0d3-4760-45e1-947c-efd2353e5935	GET	/18.png	undefined
2024/02/02 09:51:12	c42ea476-c2a7-458c-9e81-5b8b9c330ddf	GET	/api/products/1	undefined
2024/02/02 09:51:44	0bb63dc6-46c5-4bdc-a180-73e606cbe318	DELETE	/api/productimage	undefined
2024/02/02 09:52:01	61a5c7ba-5fd7-486e-9b28-c150ca0e4171	GET	/api/products/1	undefined
2024/02/02 09:55:34	1def307e-bd81-4fd4-b97b-4968796a0ca3	GET	/api/products/1	undefined
2024/02/02 09:55:46	047970be-3391-419a-a44d-8c89dc907e27	DELETE	/api/productimage	undefined
2024/02/02 09:55:51	db34195d-cc50-455a-aac0-f6da46219eec	GET	/api/products/1	undefined
